<?xml version="1.0" encoding="UTF-8"?>
<testng-results ignored="0" total="5" passed="5" failed="0" skipped="0">
  <reporter-output>
  </reporter-output>
  <suite started-at="2023-03-14T01:14:54 CDT" name="Default suite" finished-at="2023-03-14T01:15:42 CDT" duration-ms="48263">
    <groups>
      <group name="cucumber">
        <method signature="AbstractTestNGCucumberTests.runScenario(io.cucumber.testng.PickleWrapper,io.cucumber.testng.FeatureWrapper)[pri:0, instance:runner.TestRunner@6a78afa0]" name="runScenario" class="io.cucumber.testng.AbstractTestNGCucumberTests"/>
      </group> <!-- cucumber -->
    </groups>
    <test started-at="2023-03-14T01:14:54 CDT" name="Default test" finished-at="2023-03-14T01:15:42 CDT" duration-ms="48263">
      <class name="runner.TestRunner">
        <test-method is-config="true" signature="setUpClass(org.testng.ITestContext)[pri:0, instance:runner.TestRunner@6a78afa0]" started-at="2023-03-14T01:14:54 CDT" name="setUpClass" finished-at="2023-03-14T01:14:54 CDT" duration-ms="149" status="PASS">
          <params>
            <param index="0">
              <value>
                <![CDATA[org.testng.TestRunner@15405bd6]]>
              </value>
            </param>
          </params>
          <reporter-output>
          </reporter-output>
        </test-method> <!-- setUpClass -->
        <test-method signature="runScenario(io.cucumber.testng.PickleWrapper,io.cucumber.testng.FeatureWrapper)[pri:0, instance:runner.TestRunner@6a78afa0]" started-at="2023-03-14T01:14:54 CDT" name="runScenario" description="Runs Cucumber Scenarios" data-provider="scenarios" finished-at="2023-03-14T01:15:04 CDT" duration-ms="9636" status="PASS">
          <params>
            <param index="0">
              <value>
                <![CDATA["PhpDemo website scenario"]]>
              </value>
            </param>
            <param index="1">
              <value>
                <![CDATA["TestDemo Php website"]]>
              </value>
            </param>
          </params>
          <reporter-output>
          </reporter-output>
        </test-method> <!-- runScenario -->
        <test-method signature="runScenario(io.cucumber.testng.PickleWrapper,io.cucumber.testng.FeatureWrapper)[pri:0, instance:runner.TestRunner@6a78afa0]" started-at="2023-03-14T01:15:04 CDT" name="runScenario" description="Runs Cucumber Scenarios" data-provider="scenarios" finished-at="2023-03-14T01:15:12 CDT" duration-ms="7968" status="PASS">
          <params>
            <param index="0">
              <value>
                <![CDATA["Facebook login with invalid testdata sceanrio"]]>
              </value>
            </param>
            <param index="1">
              <value>
                <![CDATA["Facebook login feature"]]>
              </value>
            </param>
          </params>
          <reporter-output>
          </reporter-output>
        </test-method> <!-- runScenario -->
        <test-method signature="runScenario(io.cucumber.testng.PickleWrapper,io.cucumber.testng.FeatureWrapper)[pri:0, instance:runner.TestRunner@6a78afa0]" started-at="2023-03-14T01:15:12 CDT" name="runScenario" description="Runs Cucumber Scenarios" data-provider="scenarios" finished-at="2023-03-14T01:15:20 CDT" duration-ms="8079" status="PASS">
          <params>
            <param index="0">
              <value>
                <![CDATA["Facebook login scenario with multiple test data sets"]]>
              </value>
            </param>
            <param index="1">
              <value>
                <![CDATA["Facebook login feature"]]>
              </value>
            </param>
          </params>
          <reporter-output>
          </reporter-output>
        </test-method> <!-- runScenario -->
        <test-method signature="runScenario(io.cucumber.testng.PickleWrapper,io.cucumber.testng.FeatureWrapper)[pri:0, instance:runner.TestRunner@6a78afa0]" started-at="2023-03-14T01:15:20 CDT" name="runScenario" description="Runs Cucumber Scenarios" data-provider="scenarios" finished-at="2023-03-14T01:15:30 CDT" duration-ms="10593" status="PASS">
          <params>
            <param index="0">
              <value>
                <![CDATA["Facebook login scenario with multiple test data sets"]]>
              </value>
            </param>
            <param index="1">
              <value>
                <![CDATA["Facebook login feature"]]>
              </value>
            </param>
          </params>
          <reporter-output>
          </reporter-output>
        </test-method> <!-- runScenario -->
        <test-method signature="runScenario(io.cucumber.testng.PickleWrapper,io.cucumber.testng.FeatureWrapper)[pri:0, instance:runner.TestRunner@6a78afa0]" started-at="2023-03-14T01:15:30 CDT" name="runScenario" description="Runs Cucumber Scenarios" data-provider="scenarios" finished-at="2023-03-14T01:15:42 CDT" duration-ms="11782" status="PASS">
          <params>
            <param index="0">
              <value>
                <![CDATA["Facebook login scenario with multiple test data sets"]]>
              </value>
            </param>
            <param index="1">
              <value>
                <![CDATA["Facebook login feature"]]>
              </value>
            </param>
          </params>
          <reporter-output>
          </reporter-output>
        </test-method> <!-- runScenario -->
        <test-method is-config="true" signature="tearDownClass()[pri:0, instance:runner.TestRunner@6a78afa0]" started-at="2023-03-14T01:15:42 CDT" name="tearDownClass" finished-at="2023-03-14T01:15:42 CDT" duration-ms="4" status="PASS">
          <reporter-output>
          </reporter-output>
        </test-method> <!-- tearDownClass -->
      </class> <!-- runner.TestRunner -->
    </test> <!-- Default test -->
  </suite> <!-- Default suite -->
</testng-results>
