<?xml version="1.0" encoding="UTF-8"?>
<testng-results ignored="0" total="2" passed="2" failed="0" skipped="0">
  <reporter-output>
  </reporter-output>
  <suite started-at="2023-03-13T13:33:38 CDT" name="Default suite" finished-at="2023-03-13T13:33:45 CDT" duration-ms="7568">
    <groups>
      <group name="cucumber">
        <method signature="AbstractTestNGCucumberTests.runScenario(io.cucumber.testng.PickleWrapper,io.cucumber.testng.FeatureWrapper)[pri:0, instance:runner.TestRunner@5aa9e4eb]" name="runScenario" class="io.cucumber.testng.AbstractTestNGCucumberTests"/>
      </group> <!-- cucumber -->
    </groups>
    <test started-at="2023-03-13T13:33:38 CDT" name="Default test" finished-at="2023-03-13T13:33:45 CDT" duration-ms="7568">
      <class name="runner.TestRunner">
        <test-method is-config="true" signature="setUpClass(org.testng.ITestContext)[pri:0, instance:runner.TestRunner@5aa9e4eb]" started-at="2023-03-13T13:33:38 CDT" name="setUpClass" finished-at="2023-03-13T13:33:38 CDT" duration-ms="146" status="PASS">
          <params>
            <param index="0">
              <value>
                <![CDATA[org.testng.TestRunner@1b4ae4e0]]>
              </value>
            </param>
          </params>
          <reporter-output>
          </reporter-output>
        </test-method> <!-- setUpClass -->
        <test-method signature="runScenario(io.cucumber.testng.PickleWrapper,io.cucumber.testng.FeatureWrapper)[pri:0, instance:runner.TestRunner@5aa9e4eb]" started-at="2023-03-13T13:33:38 CDT" name="runScenario" description="Runs Cucumber Scenarios" data-provider="scenarios" finished-at="2023-03-13T13:33:45 CDT" duration-ms="7351" status="PASS">
          <params>
            <param index="0">
              <value>
                <![CDATA["PhpDemo website scenario"]]>
              </value>
            </param>
            <param index="1">
              <value>
                <![CDATA["TestDemo Php website"]]>
              </value>
            </param>
          </params>
          <reporter-output>
          </reporter-output>
        </test-method> <!-- runScenario -->
        <test-method signature="runScenario(io.cucumber.testng.PickleWrapper,io.cucumber.testng.FeatureWrapper)[pri:0, instance:runner.TestRunner@5aa9e4eb]" started-at="2023-03-13T13:33:45 CDT" name="runScenario" description="Runs Cucumber Scenarios" data-provider="scenarios" finished-at="2023-03-13T13:33:45 CDT" duration-ms="11" status="PASS">
          <params>
            <param index="0">
              <value>
                <![CDATA["Facebook login with invalid testdata credentials"]]>
              </value>
            </param>
            <param index="1">
              <value>
                <![CDATA["Facebook login feature"]]>
              </value>
            </param>
          </params>
          <reporter-output>
          </reporter-output>
        </test-method> <!-- runScenario -->
        <test-method is-config="true" signature="tearDownClass()[pri:0, instance:runner.TestRunner@5aa9e4eb]" started-at="2023-03-13T13:33:45 CDT" name="tearDownClass" finished-at="2023-03-13T13:33:45 CDT" duration-ms="16" status="PASS">
          <reporter-output>
          </reporter-output>
        </test-method> <!-- tearDownClass -->
      </class> <!-- runner.TestRunner -->
    </test> <!-- Default test -->
  </suite> <!-- Default suite -->
</testng-results>
